<?xml version="1.0" encoding="UTF-8"?>
<!-- Generated by org.testng.reporters.JUnitXMLReporter -->
<testsuite ignored="8" hostname="SAMPATH" failures="1" tests="9" name="Test" time="109.021" errors="0" timestamp="2021-09-17T12:21:47 IST">
  <testcase classname="com.crm.Kentaurus.Vtiger.TC_23_OrgTest_CreateOrgTestwithoutBilling" name="createOrg1Test" time="7.252"/>
  <testcase classname="com.crm.Kentaurus.Vtiger.TC_21_OrgTest_CreateOrgTestBilling" name="createOrg1Test" time="7.354">
    <skipped/>
  </testcase> <!-- createOrg1Test -->
  <testcase classname="com.crm.Kentaurus.Vtiger.TC_21_OrgTest_CreateOrgTestBilling" name="createOrg1Test" time="7.171">
    <skipped/>
  </testcase> <!-- createOrg1Test -->
  <testcase classname="com.crm.Kentaurus.Vtiger.TC_21_OrgTest_CreateOrgTestBilling" name="createOrg1Test" time="7.448">
    <skipped/>
  </testcase> <!-- createOrg1Test -->
  <testcase classname="com.crm.Kentaurus.Vtiger.TC_21_OrgTest_CreateOrgTestBilling" name="createOrg1Test" time="7.304">
    <skipped/>
  </testcase> <!-- createOrg1Test -->
  <testcase classname="com.crm.Kentaurus.Vtiger.TC_21_OrgTest_CreateOrgTestBilling" name="createOrg1Test" time="6.956">
    <failure type="java.lang.AssertionError" message="expected [true] but found [false]">
      <![CDATA[java.lang.AssertionError: expected [true] but found [false]
at com.crm.Kentaurus.Vtiger.TC_21_OrgTest_CreateOrgTestBilling.createOrg1Test(TC_21_OrgTest_CreateOrgTestBilling.java:75)
at java.base/java.util.ArrayList.forEach(ArrayList.java:1511)
... Removed 33 stack frames]]>
    </failure>
  </testcase> <!-- createOrg1Test -->
  <testcase classname="com.crm.Kentaurus.Vtiger.TC_25_CreateOrg_Test_CreateOrgType" name="createOrg1Test" time="7.064"/>
  <testcase classname="com.crm.Kentaurus.Vtiger.TC_26_CreateOrg_WithIndustryTest" name="createOrg1Test" time="7.303"/>
  <testcase classname="com.crm.Kentaurus.Vtiger.TC_22_OrgTest_CreateOrgTestLogout" name="createOrg1Test" time="7.371"/>
  <testcase classname="com.crm.Vtiger.GenericLibraries.BaseClass" name="@AfterSuite dbClose" time="0.0">
    <ignored/>
  </testcase> <!-- @AfterSuite dbClose -->
  <testcase classname="com.crm.Vtiger.GenericLibraries.BaseClass" name="@AfterSuite dbClose" time="0.0">
    <ignored/>
  </testcase> <!-- @AfterSuite dbClose -->
  <testcase classname="com.crm.Vtiger.GenericLibraries.BaseClass" name="@AfterSuite dbClose" time="0.0">
    <ignored/>
  </testcase> <!-- @AfterSuite dbClose -->
  <testcase classname="com.crm.Vtiger.GenericLibraries.BaseClass" name="@AfterSuite dbClose" time="0.0">
    <ignored/>
  </testcase> <!-- @AfterSuite dbClose -->
  <testcase classname="com.crm.Vtiger.GenericLibraries.BaseClass" name="@BeforeSuite bsConfi" time="0.0">
    <ignored/>
  </testcase> <!-- @BeforeSuite bsConfi -->
  <testcase classname="com.crm.Vtiger.GenericLibraries.BaseClass" name="@BeforeSuite bsConfi" time="0.0">
    <ignored/>
  </testcase> <!-- @BeforeSuite bsConfi -->
  <testcase classname="com.crm.Vtiger.GenericLibraries.BaseClass" name="@BeforeSuite bsConfi" time="0.0">
    <ignored/>
  </testcase> <!-- @BeforeSuite bsConfi -->
  <testcase classname="com.crm.Vtiger.GenericLibraries.BaseClass" name="@BeforeSuite bsConfi" time="0.0">
    <ignored/>
  </testcase> <!-- @BeforeSuite bsConfi -->
</testsuite> <!-- Test -->
