<?xml version="1.0" encoding="UTF-8"?>
<testng-results ignored="0" total="1" passed="1" failed="0" skipped="0">
  <reporter-output>
  </reporter-output>
  <suite started-at="2021-09-21T12:33:50 IST" name="Default suite" finished-at="2021-09-21T12:34:18 IST" duration-ms="27343">
    <groups>
    </groups>
    <test started-at="2021-09-21T12:33:50 IST" name="Default test" finished-at="2021-09-21T12:34:18 IST" duration-ms="27343">
      <class name="com.crm.practice.AmazonPrice_sample">
        <test-method signature="amazonprice()[pri:0, instance:com.crm.practice.AmazonPrice_sample@7205765b]" started-at="2021-09-21T12:33:50 IST" name="amazonprice" finished-at="2021-09-21T12:34:18 IST" duration-ms="27290" status="PASS">
          <reporter-output>
          </reporter-output>
        </test-method> <!-- amazonprice -->
      </class> <!-- com.crm.practice.AmazonPrice_sample -->
    </test> <!-- Default test -->
  </suite> <!-- Default suite -->
</testng-results>
